 ⨯ Error: Cannot find module 'D:\githubfolder\tcms-qbd\.next\server\app\(dashboard)\personnel\new\page.js'
Require stack:
- D:\githubfolder\tcms-qbd\node_modules\next\dist\server\require.js
- D:\githubfolder\tcms-qbd\node_modules\next\dist\server\next-server.js
- D:\githubfolder\tcms-qbd\node_modules\next\dist\server\next.js
- D:\githubfolder\tcms-qbd\node_modules\next\dist\server\lib\start-server.js
- D:\githubfolder\tcms-qbd\node_modules\next\dist\cli\next-start.js
    at Module.<anonymous> (node:internal/modules/cjs/loader:1456:15)
    at D:\githubfolder\tcms-qbd\node_modules\next\dist\server\require-hook.js:55:36
    at defaultResolveImpl (node:internal/modules/cjs/loader:1066:19)
    at resolveForCJSWithHooks (node:internal/modules/cjs/loader:1071:22)
    at Module._load (node:internal/modules/cjs/loader:1242:25)
    at wrapModuleLoad (node:internal/modules/cjs/loader:255:19)
    at Module.<anonymous> (node:internal/modules/cjs/loader:1556:12)
    at mod.require (D:\githubfolder\tcms-qbd\node_modules\next\dist\server\require-hook.js:65:28)
    at require (node:internal/modules/helpers:152:16)
    at requirePage (D:\githubfolder\tcms-qbd\node_modules\next\dist\server\require.js:109:84) {
  code: 'MODULE_NOT_FOUND',
  requireStack: [
    'D:\\githubfolder\\tcms-qbd\\node_modules\\next\\dist\\server\\require.js',
    'D:\\githubfolder\\tcms-qbd\\node_modules\\next\\dist\\server\\next-server.js',
    'D:\\githubfolder\\tcms-qbd\\node_modules\\next\\dist\\server\\next.js',
    'D:\\githubfolder\\tcms-qbd\\node_modules\\next\\dist\\server\\lib\\start-server.js',
    'D:\\githubfolder\\tcms-qbd\\node_modules\\next\\dist\\cli\\next-start.js'
  ]
}
 ⨯ Error: Cannot find module 'D:\githubfolder\tcms-qbd\.next\server\pages\_error.js'
Require stack:
- D:\githubfolder\tcms-qbd\node_modules\next\dist\server\require.js
- D:\githubfolder\tcms-qbd\node_modules\next\dist\server\next-server.js
- D:\githubfolder\tcms-qbd\node_modules\next\dist\server\next.js
- D:\githubfolder\tcms-qbd\node_modules\next\dist\server\lib\start-server.js
- D:\githubfolder\tcms-qbd\node_modules\next\dist\cli\next-start.js
    at Module.<anonymous> (node:internal/modules/cjs/loader:1456:15)
    at D:\githubfolder\tcms-qbd\node_modules\next\dist\server\require-hook.js:55:36
    at defaultResolveImpl (node:internal/modules/cjs/loader:1066:19)
    at resolveForCJSWithHooks (node:internal/modules/cjs/loader:1071:22)
    at Module._load (node:internal/modules/cjs/loader:1242:25)
    at wrapModuleLoad (node:internal/modules/cjs/loader:255:19)
    at Module.<anonymous> (node:internal/modules/cjs/loader:1556:12)
    at mod.require (D:\githubfolder\tcms-qbd\node_modules\next\dist\server\require-hook.js:65:28)
    at require (node:internal/modules/helpers:152:16)
    at requirePage (D:\githubfolder\tcms-qbd\node_modules\next\dist\server\require.js:109:84) {
  code: 'MODULE_NOT_FOUND',
  requireStack: [
    'D:\\githubfolder\\tcms-qbd\\node_modules\\next\\dist\\server\\require.js',
    'D:\\githubfolder\\tcms-qbd\\node_modules\\next\\dist\\server\\next-server.js',
    'D:\\githubfolder\\tcms-qbd\\node_modules\\next\\dist\\server\\next.js',
    'D:\\githubfolder\\tcms-qbd\\node_modules\\next\\dist\\server\\lib\\start-server.js',
    'D:\\githubfolder\\tcms-qbd\\node_modules\\next\\dist\\cli\\next-start.js'
  ]
}
 ⨯ Error: Cannot find module 'D:\githubfolder\tcms-qbd\.next\server\app\(dashboard)\personnel\new\page.js'
Require stack:
- D:\githubfolder\tcms-qbd\node_modules\next\dist\server\require.js
- D:\githubfolder\tcms-qbd\node_modules\next\dist\server\next-server.js
- D:\githubfolder\tcms-qbd\node_modules\next\dist\server\next.js
- D:\githubfolder\tcms-qbd\node_modules\next\dist\server\lib\start-server.js
- D:\githubfolder\tcms-qbd\node_modules\next\dist\cli\next-start.js
    at Module.<anonymous> (node:internal/modules/cjs/loader:1456:15)
    at D:\githubfolder\tcms-qbd\node_modules\next\dist\server\require-hook.js:55:36
    at defaultResolveImpl (node:internal/modules/cjs/loader:1066:19)
    at resolveForCJSWithHooks (node:internal/modules/cjs/loader:1071:22)
    at Module._load (node:internal/modules/cjs/loader:1242:25)
    at wrapModuleLoad (node:internal/modules/cjs/loader:255:19)
    at Module.<anonymous> (node:internal/modules/cjs/loader:1556:12)
    at mod.require (D:\githubfolder\tcms-qbd\node_modules\next\dist\server\require-hook.js:65:28)
    at require (node:internal/modules/helpers:152:16)
    at requirePage (D:\githubfolder\tcms-qbd\node_modules\next\dist\server\require.js:109:84) {
  code: 'MODULE_NOT_FOUND',
  requireStack: [
    'D:\\githubfolder\\tcms-qbd\\node_modules\\next\\dist\\server\\require.js',
    'D:\\githubfolder\\tcms-qbd\\node_modules\\next\\dist\\server\\next-server.js',
    'D:\\githubfolder\\tcms-qbd\\node_modules\\next\\dist\\server\\next.js',
    'D:\\githubfolder\\tcms-qbd\\node_modules\\next\\dist\\server\\lib\\start-server.js',
    'D:\\githubfolder\\tcms-qbd\\node_modules\\next\\dist\\cli\\next-start.js'
  ]
}
 ⨯ Error: Cannot find module 'D:\githubfolder\tcms-qbd\.next\server\pages\_error.js'
Require stack:
- D:\githubfolder\tcms-qbd\node_modules\next\dist\server\require.js
- D:\githubfolder\tcms-qbd\node_modules\next\dist\server\next-server.js
- D:\githubfolder\tcms-qbd\node_modules\next\dist\server\next.js
- D:\githubfolder\tcms-qbd\node_modules\next\dist\server\lib\start-server.js
- D:\githubfolder\tcms-qbd\node_modules\next\dist\cli\next-start.js
    at Module.<anonymous> (node:internal/modules/cjs/loader:1456:15)
    at D:\githubfolder\tcms-qbd\node_modules\next\dist\server\require-hook.js:55:36
    at defaultResolveImpl (node:internal/modules/cjs/loader:1066:19)
    at resolveForCJSWithHooks (node:internal/modules/cjs/loader:1071:22)
    at Module._load (node:internal/modules/cjs/loader:1242:25)
    at wrapModuleLoad (node:internal/modules/cjs/loader:255:19)
    at Module.<anonymous> (node:internal/modules/cjs/loader:1556:12)
    at mod.require (D:\githubfolder\tcms-qbd\node_modules\next\dist\server\require-hook.js:65:28)
    at require (node:internal/modules/helpers:152:16)
    at requirePage (D:\githubfolder\tcms-qbd\node_modules\next\dist\server\require.js:109:84) {
  code: 'MODULE_NOT_FOUND',
  requireStack: [
    'D:\\githubfolder\\tcms-qbd\\node_modules\\next\\dist\\server\\require.js',
    'D:\\githubfolder\\tcms-qbd\\node_modules\\next\\dist\\server\\next-server.js',
    'D:\\githubfolder\\tcms-qbd\\node_modules\\next\\dist\\server\\next.js',
    'D:\\githubfolder\\tcms-qbd\\node_modules\\next\\dist\\server\\lib\\start-server.js',
    'D:\\githubfolder\\tcms-qbd\\node_modules\\next\\dist\\cli\\next-start.js'
  ]
}
 ⨯ Error: Cannot find module 'D:\githubfolder\tcms-qbd\.next\server\app\(dashboard)\personnel\new\page.js'
Require stack:
- D:\githubfolder\tcms-qbd\node_modules\next\dist\server\require.js
- D:\githubfolder\tcms-qbd\node_modules\next\dist\server\next-server.js
- D:\githubfolder\tcms-qbd\node_modules\next\dist\server\next.js
- D:\githubfolder\tcms-qbd\node_modules\next\dist\server\lib\start-server.js
- D:\githubfolder\tcms-qbd\node_modules\next\dist\cli\next-start.js
    at Module.<anonymous> (node:internal/modules/cjs/loader:1456:15)
    at D:\githubfolder\tcms-qbd\node_modules\next\dist\server\require-hook.js:55:36
    at defaultResolveImpl (node:internal/modules/cjs/loader:1066:19)
    at resolveForCJSWithHooks (node:internal/modules/cjs/loader:1071:22)
    at Module._load (node:internal/modules/cjs/loader:1242:25)
    at wrapModuleLoad (node:internal/modules/cjs/loader:255:19)
    at Module.<anonymous> (node:internal/modules/cjs/loader:1556:12)
    at mod.require (D:\githubfolder\tcms-qbd\node_modules\next\dist\server\require-hook.js:65:28)
    at require (node:internal/modules/helpers:152:16)
    at requirePage (D:\githubfolder\tcms-qbd\node_modules\next\dist\server\require.js:109:84) {
  code: 'MODULE_NOT_FOUND',
  requireStack: [
    'D:\\githubfolder\\tcms-qbd\\node_modules\\next\\dist\\server\\require.js',
    'D:\\githubfolder\\tcms-qbd\\node_modules\\next\\dist\\server\\next-server.js',
    'D:\\githubfolder\\tcms-qbd\\node_modules\\next\\dist\\server\\next.js',
    'D:\\githubfolder\\tcms-qbd\\node_modules\\next\\dist\\server\\lib\\start-server.js',
    'D:\\githubfolder\\tcms-qbd\\node_modules\\next\\dist\\cli\\next-start.js'
  ]
}
 ⨯ Error: Cannot find module 'D:\githubfolder\tcms-qbd\.next\server\pages\_error.js'
Require stack:
- D:\githubfolder\tcms-qbd\node_modules\next\dist\server\require.js
- D:\githubfolder\tcms-qbd\node_modules\next\dist\server\next-server.js
- D:\githubfolder\tcms-qbd\node_modules\next\dist\server\next.js
- D:\githubfolder\tcms-qbd\node_modules\next\dist\server\lib\start-server.js
- D:\githubfolder\tcms-qbd\node_modules\next\dist\cli\next-start.js
    at Module.<anonymous> (node:internal/modules/cjs/loader:1456:15)
    at D:\githubfolder\tcms-qbd\node_modules\next\dist\server\require-hook.js:55:36
    at defaultResolveImpl (node:internal/modules/cjs/loader:1066:19)
    at resolveForCJSWithHooks (node:internal/modules/cjs/loader:1071:22)
    at Module._load (node:internal/modules/cjs/loader:1242:25)
    at wrapModuleLoad (node:internal/modules/cjs/loader:255:19)
    at Module.<anonymous> (node:internal/modules/cjs/loader:1556:12)
    at mod.require (D:\githubfolder\tcms-qbd\node_modules\next\dist\server\require-hook.js:65:28)
    at require (node:internal/modules/helpers:152:16)
    at requirePage (D:\githubfolder\tcms-qbd\node_modules\next\dist\server\require.js:109:84) {
  code: 'MODULE_NOT_FOUND',
  requireStack: [
    'D:\\githubfolder\\tcms-qbd\\node_modules\\next\\dist\\server\\require.js',
    'D:\\githubfolder\\tcms-qbd\\node_modules\\next\\dist\\server\\next-server.js',
    'D:\\githubfolder\\tcms-qbd\\node_modules\\next\\dist\\server\\next.js',
    'D:\\githubfolder\\tcms-qbd\\node_modules\\next\\dist\\server\\lib\\start-server.js',
    'D:\\githubfolder\\tcms-qbd\\node_modules\\next\\dist\\cli\\next-start.js'
  ]
}
 ⨯ Error: Cannot find module 'D:\githubfolder\tcms-qbd\.next\server\pages\_error.js'
Require stack:
- D:\githubfolder\tcms-qbd\node_modules\next\dist\server\require.js
- D:\githubfolder\tcms-qbd\node_modules\next\dist\server\next-server.js
- D:\githubfolder\tcms-qbd\node_modules\next\dist\server\next.js
- D:\githubfolder\tcms-qbd\node_modules\next\dist\server\lib\start-server.js
- D:\githubfolder\tcms-qbd\node_modules\next\dist\cli\next-start.js
    at Module.<anonymous> (node:internal/modules/cjs/loader:1456:15)
    at D:\githubfolder\tcms-qbd\node_modules\next\dist\server\require-hook.js:55:36
    at defaultResolveImpl (node:internal/modules/cjs/loader:1066:19)
    at resolveForCJSWithHooks (node:internal/modules/cjs/loader:1071:22)
    at Module._load (node:internal/modules/cjs/loader:1242:25)
    at wrapModuleLoad (node:internal/modules/cjs/loader:255:19)
    at Module.<anonymous> (node:internal/modules/cjs/loader:1556:12)
    at mod.require (D:\githubfolder\tcms-qbd\node_modules\next\dist\server\require-hook.js:65:28)
    at require (node:internal/modules/helpers:152:16)
    at requirePage (D:\githubfolder\tcms-qbd\node_modules\next\dist\server\require.js:109:84) {
  code: 'MODULE_NOT_FOUND',
  requireStack: [
    'D:\\githubfolder\\tcms-qbd\\node_modules\\next\\dist\\server\\require.js',
    'D:\\githubfolder\\tcms-qbd\\node_modules\\next\\dist\\server\\next-server.js',
    'D:\\githubfolder\\tcms-qbd\\node_modules\\next\\dist\\server\\next.js',
    'D:\\githubfolder\\tcms-qbd\\node_modules\\next\\dist\\server\\lib\\start-server.js',
    'D:\\githubfolder\\tcms-qbd\\node_modules\\next\\dist\\cli\\next-start.js'
  ]
}
 ⨯ Error: Cannot find module 'D:\githubfolder\tcms-qbd\.next\server\pages\_error.js'
Require stack:
- D:\githubfolder\tcms-qbd\node_modules\next\dist\server\require.js
- D:\githubfolder\tcms-qbd\node_modules\next\dist\server\next-server.js
- D:\githubfolder\tcms-qbd\node_modules\next\dist\server\next.js
- D:\githubfolder\tcms-qbd\node_modules\next\dist\server\lib\start-server.js
- D:\githubfolder\tcms-qbd\node_modules\next\dist\cli\next-start.js
    at Module.<anonymous> (node:internal/modules/cjs/loader:1456:15)
    at D:\githubfolder\tcms-qbd\node_modules\next\dist\server\require-hook.js:55:36
    at defaultResolveImpl (node:internal/modules/cjs/loader:1066:19)
    at resolveForCJSWithHooks (node:internal/modules/cjs/loader:1071:22)
    at Module._load (node:internal/modules/cjs/loader:1242:25)
    at wrapModuleLoad (node:internal/modules/cjs/loader:255:19)
    at Module.<anonymous> (node:internal/modules/cjs/loader:1556:12)
    at mod.require (D:\githubfolder\tcms-qbd\node_modules\next\dist\server\require-hook.js:65:28)
    at require (node:internal/modules/helpers:152:16)
    at requirePage (D:\githubfolder\tcms-qbd\node_modules\next\dist\server\require.js:109:84) {
  code: 'MODULE_NOT_FOUND',
  requireStack: [
    'D:\\githubfolder\\tcms-qbd\\node_modules\\next\\dist\\server\\require.js',
    'D:\\githubfolder\\tcms-qbd\\node_modules\\next\\dist\\server\\next-server.js',
    'D:\\githubfolder\\tcms-qbd\\node_modules\\next\\dist\\server\\next.js',
    'D:\\githubfolder\\tcms-qbd\\node_modules\\next\\dist\\server\\lib\\start-server.js',
    'D:\\githubfolder\\tcms-qbd\\node_modules\\next\\dist\\cli\\next-start.js'
  ]
}
 ⨯ Error: Cannot find module 'D:\githubfolder\tcms-qbd\.next\server\pages\_error.js'
Require stack:
- D:\githubfolder\tcms-qbd\node_modules\next\dist\server\require.js
- D:\githubfolder\tcms-qbd\node_modules\next\dist\server\next-server.js
- D:\githubfolder\tcms-qbd\node_modules\next\dist\server\next.js
- D:\githubfolder\tcms-qbd\node_modules\next\dist\server\lib\start-server.js
- D:\githubfolder\tcms-qbd\node_modules\next\dist\cli\next-start.js
    at Module.<anonymous> (node:internal/modules/cjs/loader:1456:15)
    at D:\githubfolder\tcms-qbd\node_modules\next\dist\server\require-hook.js:55:36
    at defaultResolveImpl (node:internal/modules/cjs/loader:1066:19)
    at resolveForCJSWithHooks (node:internal/modules/cjs/loader:1071:22)
    at Module._load (node:internal/modules/cjs/loader:1242:25)
    at wrapModuleLoad (node:internal/modules/cjs/loader:255:19)
    at Module.<anonymous> (node:internal/modules/cjs/loader:1556:12)
    at mod.require (D:\githubfolder\tcms-qbd\node_modules\next\dist\server\require-hook.js:65:28)
    at require (node:internal/modules/helpers:152:16)
    at requirePage (D:\githubfolder\tcms-qbd\node_modules\next\dist\server\require.js:109:84) {
  code: 'MODULE_NOT_FOUND',
  requireStack: [
    'D:\\githubfolder\\tcms-qbd\\node_modules\\next\\dist\\server\\require.js',
    'D:\\githubfolder\\tcms-qbd\\node_modules\\next\\dist\\server\\next-server.js',
    'D:\\githubfolder\\tcms-qbd\\node_modules\\next\\dist\\server\\next.js',
    'D:\\githubfolder\\tcms-qbd\\node_modules\\next\\dist\\server\\lib\\start-server.js',
    'D:\\githubfolder\\tcms-qbd\\node_modules\\next\\dist\\cli\\next-start.js'
  ]
}
 ⨯ Error: Cannot find module 'D:\githubfolder\tcms-qbd\.next\server\pages\_error.js'
Require stack:
- D:\githubfolder\tcms-qbd\node_modules\next\dist\server\require.js
- D:\githubfolder\tcms-qbd\node_modules\next\dist\server\next-server.js
- D:\githubfolder\tcms-qbd\node_modules\next\dist\server\next.js
- D:\githubfolder\tcms-qbd\node_modules\next\dist\server\lib\start-server.js
- D:\githubfolder\tcms-qbd\node_modules\next\dist\cli\next-start.js
    at Module.<anonymous> (node:internal/modules/cjs/loader:1456:15)
    at D:\githubfolder\tcms-qbd\node_modules\next\dist\server\require-hook.js:55:36
    at defaultResolveImpl (node:internal/modules/cjs/loader:1066:19)
    at resolveForCJSWithHooks (node:internal/modules/cjs/loader:1071:22)
    at Module._load (node:internal/modules/cjs/loader:1242:25)
    at wrapModuleLoad (node:internal/modules/cjs/loader:255:19)
    at Module.<anonymous> (node:internal/modules/cjs/loader:1556:12)
    at mod.require (D:\githubfolder\tcms-qbd\node_modules\next\dist\server\require-hook.js:65:28)
    at require (node:internal/modules/helpers:152:16)
    at requirePage (D:\githubfolder\tcms-qbd\node_modules\next\dist\server\require.js:109:84) {
  code: 'MODULE_NOT_FOUND',
  requireStack: [
    'D:\\githubfolder\\tcms-qbd\\node_modules\\next\\dist\\server\\require.js',
    'D:\\githubfolder\\tcms-qbd\\node_modules\\next\\dist\\server\\next-server.js',
    'D:\\githubfolder\\tcms-qbd\\node_modules\\next\\dist\\server\\next.js',
    'D:\\githubfolder\\tcms-qbd\\node_modules\\next\\dist\\server\\lib\\start-server.js',
    'D:\\githubfolder\\tcms-qbd\\node_modules\\next\\dist\\cli\\next-start.js'
  ]
}
 ⨯ Error: Cannot find module 'D:\githubfolder\tcms-qbd\.next\server\pages\_error.js'
Require stack:
- D:\githubfolder\tcms-qbd\node_modules\next\dist\server\require.js
- D:\githubfolder\tcms-qbd\node_modules\next\dist\server\next-server.js
- D:\githubfolder\tcms-qbd\node_modules\next\dist\server\next.js
- D:\githubfolder\tcms-qbd\node_modules\next\dist\server\lib\start-server.js
- D:\githubfolder\tcms-qbd\node_modules\next\dist\cli\next-start.js
    at Module.<anonymous> (node:internal/modules/cjs/loader:1456:15)
    at D:\githubfolder\tcms-qbd\node_modules\next\dist\server\require-hook.js:55:36
    at defaultResolveImpl (node:internal/modules/cjs/loader:1066:19)
    at resolveForCJSWithHooks (node:internal/modules/cjs/loader:1071:22)
    at Module._load (node:internal/modules/cjs/loader:1242:25)
    at wrapModuleLoad (node:internal/modules/cjs/loader:255:19)
    at Module.<anonymous> (node:internal/modules/cjs/loader:1556:12)
    at mod.require (D:\githubfolder\tcms-qbd\node_modules\next\dist\server\require-hook.js:65:28)
    at require (node:internal/modules/helpers:152:16)
    at requirePage (D:\githubfolder\tcms-qbd\node_modules\next\dist\server\require.js:109:84) {
  code: 'MODULE_NOT_FOUND',
  requireStack: [
    'D:\\githubfolder\\tcms-qbd\\node_modules\\next\\dist\\server\\require.js',
    'D:\\githubfolder\\tcms-qbd\\node_modules\\next\\dist\\server\\next-server.js',
    'D:\\githubfolder\\tcms-qbd\\node_modules\\next\\dist\\server\\next.js',
    'D:\\githubfolder\\tcms-qbd\\node_modules\\next\\dist\\server\\lib\\start-server.js',
    'D:\\githubfolder\\tcms-qbd\\node_modules\\next\\dist\\cli\\next-start.js'
  ]
}
 ⨯ Error: Cannot find module 'D:\githubfolder\tcms-qbd\.next\server\pages\_error.js'
Require stack:
- D:\githubfolder\tcms-qbd\node_modules\next\dist\server\require.js
- D:\githubfolder\tcms-qbd\node_modules\next\dist\server\next-server.js
- D:\githubfolder\tcms-qbd\node_modules\next\dist\server\next.js
- D:\githubfolder\tcms-qbd\node_modules\next\dist\server\lib\start-server.js
- D:\githubfolder\tcms-qbd\node_modules\next\dist\cli\next-start.js
    at Module.<anonymous> (node:internal/modules/cjs/loader:1456:15)
    at D:\githubfolder\tcms-qbd\node_modules\next\dist\server\require-hook.js:55:36
    at defaultResolveImpl (node:internal/modules/cjs/loader:1066:19)
    at resolveForCJSWithHooks (node:internal/modules/cjs/loader:1071:22)
    at Module._load (node:internal/modules/cjs/loader:1242:25)
    at wrapModuleLoad (node:internal/modules/cjs/loader:255:19)
    at Module.<anonymous> (node:internal/modules/cjs/loader:1556:12)
    at mod.require (D:\githubfolder\tcms-qbd\node_modules\next\dist\server\require-hook.js:65:28)
    at require (node:internal/modules/helpers:152:16)
    at requirePage (D:\githubfolder\tcms-qbd\node_modules\next\dist\server\require.js:109:84) {
  code: 'MODULE_NOT_FOUND',
  requireStack: [
    'D:\\githubfolder\\tcms-qbd\\node_modules\\next\\dist\\server\\require.js',
    'D:\\githubfolder\\tcms-qbd\\node_modules\\next\\dist\\server\\next-server.js',
    'D:\\githubfolder\\tcms-qbd\\node_modules\\next\\dist\\server\\next.js',
    'D:\\githubfolder\\tcms-qbd\\node_modules\\next\\dist\\server\\lib\\start-server.js',
    'D:\\githubfolder\\tcms-qbd\\node_modules\\next\\dist\\cli\\next-start.js'
  ]
}
 ⨯ Error: Cannot find module 'D:\githubfolder\tcms-qbd\.next\server\pages\_error.js'
Require stack:
- D:\githubfolder\tcms-qbd\node_modules\next\dist\server\require.js
- D:\githubfolder\tcms-qbd\node_modules\next\dist\server\next-server.js
- D:\githubfolder\tcms-qbd\node_modules\next\dist\server\next.js
- D:\githubfolder\tcms-qbd\node_modules\next\dist\server\lib\start-server.js
- D:\githubfolder\tcms-qbd\node_modules\next\dist\cli\next-start.js
    at Module.<anonymous> (node:internal/modules/cjs/loader:1456:15)
    at D:\githubfolder\tcms-qbd\node_modules\next\dist\server\require-hook.js:55:36
    at defaultResolveImpl (node:internal/modules/cjs/loader:1066:19)
    at resolveForCJSWithHooks (node:internal/modules/cjs/loader:1071:22)
    at Module._load (node:internal/modules/cjs/loader:1242:25)
    at wrapModuleLoad (node:internal/modules/cjs/loader:255:19)
    at Module.<anonymous> (node:internal/modules/cjs/loader:1556:12)
    at mod.require (D:\githubfolder\tcms-qbd\node_modules\next\dist\server\require-hook.js:65:28)
    at require (node:internal/modules/helpers:152:16)
    at requirePage (D:\githubfolder\tcms-qbd\node_modules\next\dist\server\require.js:109:84) {
  code: 'MODULE_NOT_FOUND',
  requireStack: [
    'D:\\githubfolder\\tcms-qbd\\node_modules\\next\\dist\\server\\require.js',
    'D:\\githubfolder\\tcms-qbd\\node_modules\\next\\dist\\server\\next-server.js',
    'D:\\githubfolder\\tcms-qbd\\node_modules\\next\\dist\\server\\next.js',
    'D:\\githubfolder\\tcms-qbd\\node_modules\\next\\dist\\server\\lib\\start-server.js',
    'D:\\githubfolder\\tcms-qbd\\node_modules\\next\\dist\\cli\\next-start.js'
  ]
}
 ⨯ Error: Cannot find module 'D:\githubfolder\tcms-qbd\.next\server\pages\_error.js'
Require stack:
- D:\githubfolder\tcms-qbd\node_modules\next\dist\server\require.js
- D:\githubfolder\tcms-qbd\node_modules\next\dist\server\next-server.js
- D:\githubfolder\tcms-qbd\node_modules\next\dist\server\next.js
- D:\githubfolder\tcms-qbd\node_modules\next\dist\server\lib\start-server.js
- D:\githubfolder\tcms-qbd\node_modules\next\dist\cli\next-start.js
    at Module.<anonymous> (node:internal/modules/cjs/loader:1456:15)
    at D:\githubfolder\tcms-qbd\node_modules\next\dist\server\require-hook.js:55:36
    at defaultResolveImpl (node:internal/modules/cjs/loader:1066:19)
    at resolveForCJSWithHooks (node:internal/modules/cjs/loader:1071:22)
    at Module._load (node:internal/modules/cjs/loader:1242:25)
    at wrapModuleLoad (node:internal/modules/cjs/loader:255:19)
    at Module.<anonymous> (node:internal/modules/cjs/loader:1556:12)
    at mod.require (D:\githubfolder\tcms-qbd\node_modules\next\dist\server\require-hook.js:65:28)
    at require (node:internal/modules/helpers:152:16)
    at requirePage (D:\githubfolder\tcms-qbd\node_modules\next\dist\server\require.js:109:84) {
  code: 'MODULE_NOT_FOUND',
  requireStack: [
    'D:\\githubfolder\\tcms-qbd\\node_modules\\next\\dist\\server\\require.js',
    'D:\\githubfolder\\tcms-qbd\\node_modules\\next\\dist\\server\\next-server.js',
    'D:\\githubfolder\\tcms-qbd\\node_modules\\next\\dist\\server\\next.js',
    'D:\\githubfolder\\tcms-qbd\\node_modules\\next\\dist\\server\\lib\\start-server.js',
    'D:\\githubfolder\\tcms-qbd\\node_modules\\next\\dist\\cli\\next-start.js'
  ]
}
 ⨯ Error: Cannot find module 'D:\githubfolder\tcms-qbd\.next\server\pages\_error.js'
Require stack:
- D:\githubfolder\tcms-qbd\node_modules\next\dist\server\require.js
- D:\githubfolder\tcms-qbd\node_modules\next\dist\server\next-server.js
- D:\githubfolder\tcms-qbd\node_modules\next\dist\server\next.js
- D:\githubfolder\tcms-qbd\node_modules\next\dist\server\lib\start-server.js
- D:\githubfolder\tcms-qbd\node_modules\next\dist\cli\next-start.js
    at Module.<anonymous> (node:internal/modules/cjs/loader:1456:15)
    at D:\githubfolder\tcms-qbd\node_modules\next\dist\server\require-hook.js:55:36
    at defaultResolveImpl (node:internal/modules/cjs/loader:1066:19)
    at resolveForCJSWithHooks (node:internal/modules/cjs/loader:1071:22)
    at Module._load (node:internal/modules/cjs/loader:1242:25)
    at wrapModuleLoad (node:internal/modules/cjs/loader:255:19)
    at Module.<anonymous> (node:internal/modules/cjs/loader:1556:12)
    at mod.require (D:\githubfolder\tcms-qbd\node_modules\next\dist\server\require-hook.js:65:28)
    at require (node:internal/modules/helpers:152:16)
    at requirePage (D:\githubfolder\tcms-qbd\node_modules\next\dist\server\require.js:109:84) {
  code: 'MODULE_NOT_FOUND',
  requireStack: [
    'D:\\githubfolder\\tcms-qbd\\node_modules\\next\\dist\\server\\require.js',
    'D:\\githubfolder\\tcms-qbd\\node_modules\\next\\dist\\server\\next-server.js',
    'D:\\githubfolder\\tcms-qbd\\node_modules\\next\\dist\\server\\next.js',
    'D:\\githubfolder\\tcms-qbd\\node_modules\\next\\dist\\server\\lib\\start-server.js',
    'D:\\githubfolder\\tcms-qbd\\node_modules\\next\\dist\\cli\\next-start.js'
  ]
}
 ⨯ Error: Cannot find module 'D:\githubfolder\tcms-qbd\.next\server\pages\_error.js'
Require stack:
- D:\githubfolder\tcms-qbd\node_modules\next\dist\server\require.js
- D:\githubfolder\tcms-qbd\node_modules\next\dist\server\next-server.js
- D:\githubfolder\tcms-qbd\node_modules\next\dist\server\next.js
- D:\githubfolder\tcms-qbd\node_modules\next\dist\server\lib\start-server.js
- D:\githubfolder\tcms-qbd\node_modules\next\dist\cli\next-start.js
    at Module.<anonymous> (node:internal/modules/cjs/loader:1456:15)
    at D:\githubfolder\tcms-qbd\node_modules\next\dist\server\require-hook.js:55:36
    at defaultResolveImpl (node:internal/modules/cjs/loader:1066:19)
    at resolveForCJSWithHooks (node:internal/modules/cjs/loader:1071:22)
    at Module._load (node:internal/modules/cjs/loader:1242:25)
    at wrapModuleLoad (node:internal/modules/cjs/loader:255:19)
    at Module.<anonymous> (node:internal/modules/cjs/loader:1556:12)
    at mod.require (D:\githubfolder\tcms-qbd\node_modules\next\dist\server\require-hook.js:65:28)
    at require (node:internal/modules/helpers:152:16)
    at requirePage (D:\githubfolder\tcms-qbd\node_modules\next\dist\server\require.js:109:84) {
  code: 'MODULE_NOT_FOUND',
  requireStack: [
    'D:\\githubfolder\\tcms-qbd\\node_modules\\next\\dist\\server\\require.js',
    'D:\\githubfolder\\tcms-qbd\\node_modules\\next\\dist\\server\\next-server.js',
    'D:\\githubfolder\\tcms-qbd\\node_modules\\next\\dist\\server\\next.js',
    'D:\\githubfolder\\tcms-qbd\\node_modules\\next\\dist\\server\\lib\\start-server.js',
    'D:\\githubfolder\\tcms-qbd\\node_modules\\next\\dist\\cli\\next-start.js'
  ]
}
 ⨯ Error: Cannot find module 'D:\githubfolder\tcms-qbd\.next\server\pages\_error.js'
Require stack:
- D:\githubfolder\tcms-qbd\node_modules\next\dist\server\require.js
- D:\githubfolder\tcms-qbd\node_modules\next\dist\server\next-server.js
- D:\githubfolder\tcms-qbd\node_modules\next\dist\server\next.js
- D:\githubfolder\tcms-qbd\node_modules\next\dist\server\lib\start-server.js
- D:\githubfolder\tcms-qbd\node_modules\next\dist\cli\next-start.js
    at Module.<anonymous> (node:internal/modules/cjs/loader:1456:15)
    at D:\githubfolder\tcms-qbd\node_modules\next\dist\server\require-hook.js:55:36
    at defaultResolveImpl (node:internal/modules/cjs/loader:1066:19)
    at resolveForCJSWithHooks (node:internal/modules/cjs/loader:1071:22)
    at Module._load (node:internal/modules/cjs/loader:1242:25)
    at wrapModuleLoad (node:internal/modules/cjs/loader:255:19)
    at Module.<anonymous> (node:internal/modules/cjs/loader:1556:12)
    at mod.require (D:\githubfolder\tcms-qbd\node_modules\next\dist\server\require-hook.js:65:28)
    at require (node:internal/modules/helpers:152:16)
    at requirePage (D:\githubfolder\tcms-qbd\node_modules\next\dist\server\require.js:109:84) {
  code: 'MODULE_NOT_FOUND',
  requireStack: [
    'D:\\githubfolder\\tcms-qbd\\node_modules\\next\\dist\\server\\require.js',
    'D:\\githubfolder\\tcms-qbd\\node_modules\\next\\dist\\server\\next-server.js',
    'D:\\githubfolder\\tcms-qbd\\node_modules\\next\\dist\\server\\next.js',
    'D:\\githubfolder\\tcms-qbd\\node_modules\\next\\dist\\server\\lib\\start-server.js',
    'D:\\githubfolder\\tcms-qbd\\node_modules\\next\\dist\\cli\\next-start.js'
  ]
}
 ⨯ Error: Cannot find module 'D:\githubfolder\tcms-qbd\.next\server\pages\_error.js'
Require stack:
- D:\githubfolder\tcms-qbd\node_modules\next\dist\server\require.js
- D:\githubfolder\tcms-qbd\node_modules\next\dist\server\next-server.js
- D:\githubfolder\tcms-qbd\node_modules\next\dist\server\next.js
- D:\githubfolder\tcms-qbd\node_modules\next\dist\server\lib\start-server.js
- D:\githubfolder\tcms-qbd\node_modules\next\dist\cli\next-start.js
    at Module.<anonymous> (node:internal/modules/cjs/loader:1456:15)
    at D:\githubfolder\tcms-qbd\node_modules\next\dist\server\require-hook.js:55:36
    at defaultResolveImpl (node:internal/modules/cjs/loader:1066:19)
    at resolveForCJSWithHooks (node:internal/modules/cjs/loader:1071:22)
    at Module._load (node:internal/modules/cjs/loader:1242:25)
    at wrapModuleLoad (node:internal/modules/cjs/loader:255:19)
    at Module.<anonymous> (node:internal/modules/cjs/loader:1556:12)
    at mod.require (D:\githubfolder\tcms-qbd\node_modules\next\dist\server\require-hook.js:65:28)
    at require (node:internal/modules/helpers:152:16)
    at requirePage (D:\githubfolder\tcms-qbd\node_modules\next\dist\server\require.js:109:84) {
  code: 'MODULE_NOT_FOUND',
  requireStack: [
    'D:\\githubfolder\\tcms-qbd\\node_modules\\next\\dist\\server\\require.js',
    'D:\\githubfolder\\tcms-qbd\\node_modules\\next\\dist\\server\\next-server.js',
    'D:\\githubfolder\\tcms-qbd\\node_modules\\next\\dist\\server\\next.js',
    'D:\\githubfolder\\tcms-qbd\\node_modules\\next\\dist\\server\\lib\\start-server.js',
    'D:\\githubfolder\\tcms-qbd\\node_modules\\next\\dist\\cli\\next-start.js'
  ]
}
 ⨯ Error: Cannot find module 'D:\githubfolder\tcms-qbd\.next\server\pages\_error.js'
Require stack:
- D:\githubfolder\tcms-qbd\node_modules\next\dist\server\require.js
- D:\githubfolder\tcms-qbd\node_modules\next\dist\server\next-server.js
- D:\githubfolder\tcms-qbd\node_modules\next\dist\server\next.js
- D:\githubfolder\tcms-qbd\node_modules\next\dist\server\lib\start-server.js
- D:\githubfolder\tcms-qbd\node_modules\next\dist\cli\next-start.js
    at Module.<anonymous> (node:internal/modules/cjs/loader:1456:15)
    at D:\githubfolder\tcms-qbd\node_modules\next\dist\server\require-hook.js:55:36
    at defaultResolveImpl (node:internal/modules/cjs/loader:1066:19)
    at resolveForCJSWithHooks (node:internal/modules/cjs/loader:1071:22)
    at Module._load (node:internal/modules/cjs/loader:1242:25)
    at wrapModuleLoad (node:internal/modules/cjs/loader:255:19)
    at Module.<anonymous> (node:internal/modules/cjs/loader:1556:12)
    at mod.require (D:\githubfolder\tcms-qbd\node_modules\next\dist\server\require-hook.js:65:28)
    at require (node:internal/modules/helpers:152:16)
    at requirePage (D:\githubfolder\tcms-qbd\node_modules\next\dist\server\require.js:109:84) {
  code: 'MODULE_NOT_FOUND',
  requireStack: [
    'D:\\githubfolder\\tcms-qbd\\node_modules\\next\\dist\\server\\require.js',
    'D:\\githubfolder\\tcms-qbd\\node_modules\\next\\dist\\server\\next-server.js',
    'D:\\githubfolder\\tcms-qbd\\node_modules\\next\\dist\\server\\next.js',
    'D:\\githubfolder\\tcms-qbd\\node_modules\\next\\dist\\server\\lib\\start-server.js',
    'D:\\githubfolder\\tcms-qbd\\node_modules\\next\\dist\\cli\\next-start.js'
  ]
}
 ⨯ Error: Cannot find module 'D:\githubfolder\tcms-qbd\.next\server\pages\_error.js'
Require stack:
- D:\githubfolder\tcms-qbd\node_modules\next\dist\server\require.js
- D:\githubfolder\tcms-qbd\node_modules\next\dist\server\next-server.js
- D:\githubfolder\tcms-qbd\node_modules\next\dist\server\next.js
- D:\githubfolder\tcms-qbd\node_modules\next\dist\server\lib\start-server.js
- D:\githubfolder\tcms-qbd\node_modules\next\dist\cli\next-start.js
    at Module.<anonymous> (node:internal/modules/cjs/loader:1456:15)
    at D:\githubfolder\tcms-qbd\node_modules\next\dist\server\require-hook.js:55:36
    at defaultResolveImpl (node:internal/modules/cjs/loader:1066:19)
    at resolveForCJSWithHooks (node:internal/modules/cjs/loader:1071:22)
    at Module._load (node:internal/modules/cjs/loader:1242:25)
    at wrapModuleLoad (node:internal/modules/cjs/loader:255:19)
    at Module.<anonymous> (node:internal/modules/cjs/loader:1556:12)
    at mod.require (D:\githubfolder\tcms-qbd\node_modules\next\dist\server\require-hook.js:65:28)
    at require (node:internal/modules/helpers:152:16)
    at requirePage (D:\githubfolder\tcms-qbd\node_modules\next\dist\server\require.js:109:84) {
  code: 'MODULE_NOT_FOUND',
  requireStack: [
    'D:\\githubfolder\\tcms-qbd\\node_modules\\next\\dist\\server\\require.js',
    'D:\\githubfolder\\tcms-qbd\\node_modules\\next\\dist\\server\\next-server.js',
    'D:\\githubfolder\\tcms-qbd\\node_modules\\next\\dist\\server\\next.js',
    'D:\\githubfolder\\tcms-qbd\\node_modules\\next\\dist\\server\\lib\\start-server.js',
    'D:\\githubfolder\\tcms-qbd\\node_modules\\next\\dist\\cli\\next-start.js'
  ]
}
 ⨯ Error: Cannot find module 'D:\githubfolder\tcms-qbd\.next\server\pages\_error.js'
Require stack:
- D:\githubfolder\tcms-qbd\node_modules\next\dist\server\require.js
- D:\githubfolder\tcms-qbd\node_modules\next\dist\server\next-server.js
- D:\githubfolder\tcms-qbd\node_modules\next\dist\server\next.js
- D:\githubfolder\tcms-qbd\node_modules\next\dist\server\lib\start-server.js
- D:\githubfolder\tcms-qbd\node_modules\next\dist\cli\next-start.js
    at Module.<anonymous> (node:internal/modules/cjs/loader:1456:15)
    at D:\githubfolder\tcms-qbd\node_modules\next\dist\server\require-hook.js:55:36
    at defaultResolveImpl (node:internal/modules/cjs/loader:1066:19)
    at resolveForCJSWithHooks (node:internal/modules/cjs/loader:1071:22)
    at Module._load (node:internal/modules/cjs/loader:1242:25)
    at wrapModuleLoad (node:internal/modules/cjs/loader:255:19)
    at Module.<anonymous> (node:internal/modules/cjs/loader:1556:12)
    at mod.require (D:\githubfolder\tcms-qbd\node_modules\next\dist\server\require-hook.js:65:28)
    at require (node:internal/modules/helpers:152:16)
    at requirePage (D:\githubfolder\tcms-qbd\node_modules\next\dist\server\require.js:109:84) {
  code: 'MODULE_NOT_FOUND',
  requireStack: [
    'D:\\githubfolder\\tcms-qbd\\node_modules\\next\\dist\\server\\require.js',
    'D:\\githubfolder\\tcms-qbd\\node_modules\\next\\dist\\server\\next-server.js',
    'D:\\githubfolder\\tcms-qbd\\node_modules\\next\\dist\\server\\next.js',
    'D:\\githubfolder\\tcms-qbd\\node_modules\\next\\dist\\server\\lib\\start-server.js',
    'D:\\githubfolder\\tcms-qbd\\node_modules\\next\\dist\\cli\\next-start.js'
  ]
}
 ⨯ Error: Cannot find module 'D:\githubfolder\tcms-qbd\.next\server\pages\_error.js'
Require stack:
- D:\githubfolder\tcms-qbd\node_modules\next\dist\server\require.js
- D:\githubfolder\tcms-qbd\node_modules\next\dist\server\next-server.js
- D:\githubfolder\tcms-qbd\node_modules\next\dist\server\next.js
- D:\githubfolder\tcms-qbd\node_modules\next\dist\server\lib\start-server.js
- D:\githubfolder\tcms-qbd\node_modules\next\dist\cli\next-start.js
    at Module.<anonymous> (node:internal/modules/cjs/loader:1456:15)
    at D:\githubfolder\tcms-qbd\node_modules\next\dist\server\require-hook.js:55:36
    at defaultResolveImpl (node:internal/modules/cjs/loader:1066:19)
    at resolveForCJSWithHooks (node:internal/modules/cjs/loader:1071:22)
    at Module._load (node:internal/modules/cjs/loader:1242:25)
    at wrapModuleLoad (node:internal/modules/cjs/loader:255:19)
    at Module.<anonymous> (node:internal/modules/cjs/loader:1556:12)
    at mod.require (D:\githubfolder\tcms-qbd\node_modules\next\dist\server\require-hook.js:65:28)
    at require (node:internal/modules/helpers:152:16)
    at requirePage (D:\githubfolder\tcms-qbd\node_modules\next\dist\server\require.js:109:84) {
  code: 'MODULE_NOT_FOUND',
  requireStack: [
    'D:\\githubfolder\\tcms-qbd\\node_modules\\next\\dist\\server\\require.js',
    'D:\\githubfolder\\tcms-qbd\\node_modules\\next\\dist\\server\\next-server.js',
    'D:\\githubfolder\\tcms-qbd\\node_modules\\next\\dist\\server\\next.js',
    'D:\\githubfolder\\tcms-qbd\\node_modules\\next\\dist\\server\\lib\\start-server.js',
    'D:\\githubfolder\\tcms-qbd\\node_modules\\next\\dist\\cli\\next-start.js'
  ]
}
 ⨯ Error: Cannot find module 'D:\githubfolder\tcms-qbd\.next\server\pages\_error.js'
Require stack:
- D:\githubfolder\tcms-qbd\node_modules\next\dist\server\require.js
- D:\githubfolder\tcms-qbd\node_modules\next\dist\server\next-server.js
- D:\githubfolder\tcms-qbd\node_modules\next\dist\server\next.js
- D:\githubfolder\tcms-qbd\node_modules\next\dist\server\lib\start-server.js
- D:\githubfolder\tcms-qbd\node_modules\next\dist\cli\next-start.js
    at Module.<anonymous> (node:internal/modules/cjs/loader:1456:15)
    at D:\githubfolder\tcms-qbd\node_modules\next\dist\server\require-hook.js:55:36
    at defaultResolveImpl (node:internal/modules/cjs/loader:1066:19)
    at resolveForCJSWithHooks (node:internal/modules/cjs/loader:1071:22)
    at Module._load (node:internal/modules/cjs/loader:1242:25)
    at wrapModuleLoad (node:internal/modules/cjs/loader:255:19)
    at Module.<anonymous> (node:internal/modules/cjs/loader:1556:12)
    at mod.require (D:\githubfolder\tcms-qbd\node_modules\next\dist\server\require-hook.js:65:28)
    at require (node:internal/modules/helpers:152:16)
    at requirePage (D:\githubfolder\tcms-qbd\node_modules\next\dist\server\require.js:109:84) {
  code: 'MODULE_NOT_FOUND',
  requireStack: [
    'D:\\githubfolder\\tcms-qbd\\node_modules\\next\\dist\\server\\require.js',
    'D:\\githubfolder\\tcms-qbd\\node_modules\\next\\dist\\server\\next-server.js',
    'D:\\githubfolder\\tcms-qbd\\node_modules\\next\\dist\\server\\next.js',
    'D:\\githubfolder\\tcms-qbd\\node_modules\\next\\dist\\server\\lib\\start-server.js',
    'D:\\githubfolder\\tcms-qbd\\node_modules\\next\\dist\\cli\\next-start.js'
  ]
}
 ⨯ Error: Cannot find module 'D:\githubfolder\tcms-qbd\.next\server\pages\_error.js'
Require stack:
- D:\githubfolder\tcms-qbd\node_modules\next\dist\server\require.js
- D:\githubfolder\tcms-qbd\node_modules\next\dist\server\next-server.js
- D:\githubfolder\tcms-qbd\node_modules\next\dist\server\next.js
- D:\githubfolder\tcms-qbd\node_modules\next\dist\server\lib\start-server.js
- D:\githubfolder\tcms-qbd\node_modules\next\dist\cli\next-start.js
    at Module.<anonymous> (node:internal/modules/cjs/loader:1456:15)
    at D:\githubfolder\tcms-qbd\node_modules\next\dist\server\require-hook.js:55:36
    at defaultResolveImpl (node:internal/modules/cjs/loader:1066:19)
    at resolveForCJSWithHooks (node:internal/modules/cjs/loader:1071:22)
    at Module._load (node:internal/modules/cjs/loader:1242:25)
    at wrapModuleLoad (node:internal/modules/cjs/loader:255:19)
    at Module.<anonymous> (node:internal/modules/cjs/loader:1556:12)
    at mod.require (D:\githubfolder\tcms-qbd\node_modules\next\dist\server\require-hook.js:65:28)
    at require (node:internal/modules/helpers:152:16)
    at requirePage (D:\githubfolder\tcms-qbd\node_modules\next\dist\server\require.js:109:84) {
  code: 'MODULE_NOT_FOUND',
  requireStack: [
    'D:\\githubfolder\\tcms-qbd\\node_modules\\next\\dist\\server\\require.js',
    'D:\\githubfolder\\tcms-qbd\\node_modules\\next\\dist\\server\\next-server.js',
    'D:\\githubfolder\\tcms-qbd\\node_modules\\next\\dist\\server\\next.js',
    'D:\\githubfolder\\tcms-qbd\\node_modules\\next\\dist\\server\\lib\\start-server.js',
    'D:\\githubfolder\\tcms-qbd\\node_modules\\next\\dist\\cli\\next-start.js'
  ]
}
 ⨯ Error: Cannot find module 'D:\githubfolder\tcms-qbd\.next\server\pages\_error.js'
Require stack:
- D:\githubfolder\tcms-qbd\node_modules\next\dist\server\require.js
- D:\githubfolder\tcms-qbd\node_modules\next\dist\server\next-server.js
- D:\githubfolder\tcms-qbd\node_modules\next\dist\server\next.js
- D:\githubfolder\tcms-qbd\node_modules\next\dist\server\lib\start-server.js
- D:\githubfolder\tcms-qbd\node_modules\next\dist\cli\next-start.js
    at Module.<anonymous> (node:internal/modules/cjs/loader:1456:15)
    at D:\githubfolder\tcms-qbd\node_modules\next\dist\server\require-hook.js:55:36
    at defaultResolveImpl (node:internal/modules/cjs/loader:1066:19)
    at resolveForCJSWithHooks (node:internal/modules/cjs/loader:1071:22)
    at Module._load (node:internal/modules/cjs/loader:1242:25)
    at wrapModuleLoad (node:internal/modules/cjs/loader:255:19)
    at Module.<anonymous> (node:internal/modules/cjs/loader:1556:12)
    at mod.require (D:\githubfolder\tcms-qbd\node_modules\next\dist\server\require-hook.js:65:28)
    at require (node:internal/modules/helpers:152:16)
    at requirePage (D:\githubfolder\tcms-qbd\node_modules\next\dist\server\require.js:109:84) {
  code: 'MODULE_NOT_FOUND',
  requireStack: [
    'D:\\githubfolder\\tcms-qbd\\node_modules\\next\\dist\\server\\require.js',
    'D:\\githubfolder\\tcms-qbd\\node_modules\\next\\dist\\server\\next-server.js',
    'D:\\githubfolder\\tcms-qbd\\node_modules\\next\\dist\\server\\next.js',
    'D:\\githubfolder\\tcms-qbd\\node_modules\\next\\dist\\server\\lib\\start-server.js',
    'D:\\githubfolder\\tcms-qbd\\node_modules\\next\\dist\\cli\\next-start.js'
  ]
}
 ⨯ Error: Cannot find module 'D:\githubfolder\tcms-qbd\.next\server\pages\_error.js'
Require stack:
- D:\githubfolder\tcms-qbd\node_modules\next\dist\server\require.js
- D:\githubfolder\tcms-qbd\node_modules\next\dist\server\next-server.js
- D:\githubfolder\tcms-qbd\node_modules\next\dist\server\next.js
- D:\githubfolder\tcms-qbd\node_modules\next\dist\server\lib\start-server.js
- D:\githubfolder\tcms-qbd\node_modules\next\dist\cli\next-start.js
    at Module.<anonymous> (node:internal/modules/cjs/loader:1456:15)
    at D:\githubfolder\tcms-qbd\node_modules\next\dist\server\require-hook.js:55:36
    at defaultResolveImpl (node:internal/modules/cjs/loader:1066:19)
    at resolveForCJSWithHooks (node:internal/modules/cjs/loader:1071:22)
    at Module._load (node:internal/modules/cjs/loader:1242:25)
    at wrapModuleLoad (node:internal/modules/cjs/loader:255:19)
    at Module.<anonymous> (node:internal/modules/cjs/loader:1556:12)
    at mod.require (D:\githubfolder\tcms-qbd\node_modules\next\dist\server\require-hook.js:65:28)
    at require (node:internal/modules/helpers:152:16)
    at requirePage (D:\githubfolder\tcms-qbd\node_modules\next\dist\server\require.js:109:84) {
  code: 'MODULE_NOT_FOUND',
  requireStack: [
    'D:\\githubfolder\\tcms-qbd\\node_modules\\next\\dist\\server\\require.js',
    'D:\\githubfolder\\tcms-qbd\\node_modules\\next\\dist\\server\\next-server.js',
    'D:\\githubfolder\\tcms-qbd\\node_modules\\next\\dist\\server\\next.js',
    'D:\\githubfolder\\tcms-qbd\\node_modules\\next\\dist\\server\\lib\\start-server.js',
    'D:\\githubfolder\\tcms-qbd\\node_modules\\next\\dist\\cli\\next-start.js'
  ]
}
 ⨯ Error: Cannot find module 'D:\githubfolder\tcms-qbd\.next\server\pages\_error.js'
Require stack:
- D:\githubfolder\tcms-qbd\node_modules\next\dist\server\require.js
- D:\githubfolder\tcms-qbd\node_modules\next\dist\server\next-server.js
- D:\githubfolder\tcms-qbd\node_modules\next\dist\server\next.js
- D:\githubfolder\tcms-qbd\node_modules\next\dist\server\lib\start-server.js
- D:\githubfolder\tcms-qbd\node_modules\next\dist\cli\next-start.js
    at Module.<anonymous> (node:internal/modules/cjs/loader:1456:15)
    at D:\githubfolder\tcms-qbd\node_modules\next\dist\server\require-hook.js:55:36
    at defaultResolveImpl (node:internal/modules/cjs/loader:1066:19)
    at resolveForCJSWithHooks (node:internal/modules/cjs/loader:1071:22)
    at Module._load (node:internal/modules/cjs/loader:1242:25)
    at wrapModuleLoad (node:internal/modules/cjs/loader:255:19)
    at Module.<anonymous> (node:internal/modules/cjs/loader:1556:12)
    at mod.require (D:\githubfolder\tcms-qbd\node_modules\next\dist\server\require-hook.js:65:28)
    at require (node:internal/modules/helpers:152:16)
    at requirePage (D:\githubfolder\tcms-qbd\node_modules\next\dist\server\require.js:109:84) {
  code: 'MODULE_NOT_FOUND',
  requireStack: [
    'D:\\githubfolder\\tcms-qbd\\node_modules\\next\\dist\\server\\require.js',
    'D:\\githubfolder\\tcms-qbd\\node_modules\\next\\dist\\server\\next-server.js',
    'D:\\githubfolder\\tcms-qbd\\node_modules\\next\\dist\\server\\next.js',
    'D:\\githubfolder\\tcms-qbd\\node_modules\\next\\dist\\server\\lib\\start-server.js',
    'D:\\githubfolder\\tcms-qbd\\node_modules\\next\\dist\\cli\\next-start.js'
  ]
}
 ⨯ Error: Cannot find module 'D:\githubfolder\tcms-qbd\.next\server\pages\_error.js'
Require stack:
- D:\githubfolder\tcms-qbd\node_modules\next\dist\server\require.js
- D:\githubfolder\tcms-qbd\node_modules\next\dist\server\next-server.js
- D:\githubfolder\tcms-qbd\node_modules\next\dist\server\next.js
- D:\githubfolder\tcms-qbd\node_modules\next\dist\server\lib\start-server.js
- D:\githubfolder\tcms-qbd\node_modules\next\dist\cli\next-start.js
    at Module.<anonymous> (node:internal/modules/cjs/loader:1456:15)
    at D:\githubfolder\tcms-qbd\node_modules\next\dist\server\require-hook.js:55:36
    at defaultResolveImpl (node:internal/modules/cjs/loader:1066:19)
    at resolveForCJSWithHooks (node:internal/modules/cjs/loader:1071:22)
    at Module._load (node:internal/modules/cjs/loader:1242:25)
    at wrapModuleLoad (node:internal/modules/cjs/loader:255:19)
    at Module.<anonymous> (node:internal/modules/cjs/loader:1556:12)
    at mod.require (D:\githubfolder\tcms-qbd\node_modules\next\dist\server\require-hook.js:65:28)
    at require (node:internal/modules/helpers:152:16)
    at requirePage (D:\githubfolder\tcms-qbd\node_modules\next\dist\server\require.js:109:84) {
  code: 'MODULE_NOT_FOUND',
  requireStack: [
    'D:\\githubfolder\\tcms-qbd\\node_modules\\next\\dist\\server\\require.js',
    'D:\\githubfolder\\tcms-qbd\\node_modules\\next\\dist\\server\\next-server.js',
    'D:\\githubfolder\\tcms-qbd\\node_modules\\next\\dist\\server\\next.js',
    'D:\\githubfolder\\tcms-qbd\\node_modules\\next\\dist\\server\\lib\\start-server.js',
    'D:\\githubfolder\\tcms-qbd\\node_modules\\next\\dist\\cli\\next-start.js'
  ]
}
 ⨯ Error: Cannot find module 'D:\githubfolder\tcms-qbd\.next\server\pages\_error.js'
Require stack:
- D:\githubfolder\tcms-qbd\node_modules\next\dist\server\require.js
- D:\githubfolder\tcms-qbd\node_modules\next\dist\server\next-server.js
- D:\githubfolder\tcms-qbd\node_modules\next\dist\server\next.js
- D:\githubfolder\tcms-qbd\node_modules\next\dist\server\lib\start-server.js
- D:\githubfolder\tcms-qbd\node_modules\next\dist\cli\next-start.js
    at Module.<anonymous> (node:internal/modules/cjs/loader:1456:15)
    at D:\githubfolder\tcms-qbd\node_modules\next\dist\server\require-hook.js:55:36
    at defaultResolveImpl (node:internal/modules/cjs/loader:1066:19)
    at resolveForCJSWithHooks (node:internal/modules/cjs/loader:1071:22)
    at Module._load (node:internal/modules/cjs/loader:1242:25)
    at wrapModuleLoad (node:internal/modules/cjs/loader:255:19)
    at Module.<anonymous> (node:internal/modules/cjs/loader:1556:12)
    at mod.require (D:\githubfolder\tcms-qbd\node_modules\next\dist\server\require-hook.js:65:28)
    at require (node:internal/modules/helpers:152:16)
    at requirePage (D:\githubfolder\tcms-qbd\node_modules\next\dist\server\require.js:109:84) {
  code: 'MODULE_NOT_FOUND',
  requireStack: [
    'D:\\githubfolder\\tcms-qbd\\node_modules\\next\\dist\\server\\require.js',
    'D:\\githubfolder\\tcms-qbd\\node_modules\\next\\dist\\server\\next-server.js',
    'D:\\githubfolder\\tcms-qbd\\node_modules\\next\\dist\\server\\next.js',
    'D:\\githubfolder\\tcms-qbd\\node_modules\\next\\dist\\server\\lib\\start-server.js',
    'D:\\githubfolder\\tcms-qbd\\node_modules\\next\\dist\\cli\\next-start.js'
  ]
}
 ⨯ Error: Cannot find module 'D:\githubfolder\tcms-qbd\.next\server\pages\_error.js'
Require stack:
- D:\githubfolder\tcms-qbd\node_modules\next\dist\server\require.js
- D:\githubfolder\tcms-qbd\node_modules\next\dist\server\next-server.js
- D:\githubfolder\tcms-qbd\node_modules\next\dist\server\next.js
- D:\githubfolder\tcms-qbd\node_modules\next\dist\server\lib\start-server.js
- D:\githubfolder\tcms-qbd\node_modules\next\dist\cli\next-start.js
    at Module.<anonymous> (node:internal/modules/cjs/loader:1456:15)
    at D:\githubfolder\tcms-qbd\node_modules\next\dist\server\require-hook.js:55:36
    at defaultResolveImpl (node:internal/modules/cjs/loader:1066:19)
    at resolveForCJSWithHooks (node:internal/modules/cjs/loader:1071:22)
    at Module._load (node:internal/modules/cjs/loader:1242:25)
    at wrapModuleLoad (node:internal/modules/cjs/loader:255:19)
    at Module.<anonymous> (node:internal/modules/cjs/loader:1556:12)
    at mod.require (D:\githubfolder\tcms-qbd\node_modules\next\dist\server\require-hook.js:65:28)
    at require (node:internal/modules/helpers:152:16)
    at requirePage (D:\githubfolder\tcms-qbd\node_modules\next\dist\server\require.js:109:84) {
  code: 'MODULE_NOT_FOUND',
  requireStack: [
    'D:\\githubfolder\\tcms-qbd\\node_modules\\next\\dist\\server\\require.js',
    'D:\\githubfolder\\tcms-qbd\\node_modules\\next\\dist\\server\\next-server.js',
    'D:\\githubfolder\\tcms-qbd\\node_modules\\next\\dist\\server\\next.js',
    'D:\\githubfolder\\tcms-qbd\\node_modules\\next\\dist\\server\\lib\\start-server.js',
    'D:\\githubfolder\\tcms-qbd\\node_modules\\next\\dist\\cli\\next-start.js'
  ]
}
Error: Could not find a production build in the '.next' directory. Try building your app with 'next build' before starting the production server. https://nextjs.org/docs/messages/production-start-no-build-id
    at setupFsCheck (D:\githubfolder\tcms-qbd\node_modules\next\dist\server\lib\router-utils\filesystem.js:151:19)
    at async initialize (D:\githubfolder\tcms-qbd\node_modules\next\dist\server\lib\router-server.js:64:23)
    at async Server.<anonymous> (D:\githubfolder\tcms-qbd\node_modules\next\dist\server\lib\start-server.js:249:36)
Error: Could not find a production build in the '.next' directory. Try building your app with 'next build' before starting the production server. https://nextjs.org/docs/messages/production-start-no-build-id
    at setupFsCheck (D:\githubfolder\tcms-qbd\node_modules\next\dist\server\lib\router-utils\filesystem.js:151:19)
    at async initialize (D:\githubfolder\tcms-qbd\node_modules\next\dist\server\lib\router-server.js:64:23)
    at async Server.<anonymous> (D:\githubfolder\tcms-qbd\node_modules\next\dist\server\lib\start-server.js:249:36)
Error: Could not find a production build in the '.next' directory. Try building your app with 'next build' before starting the production server. https://nextjs.org/docs/messages/production-start-no-build-id
    at setupFsCheck (D:\githubfolder\tcms-qbd\node_modules\next\dist\server\lib\router-utils\filesystem.js:151:19)
    at async initialize (D:\githubfolder\tcms-qbd\node_modules\next\dist\server\lib\router-server.js:64:23)
    at async Server.<anonymous> (D:\githubfolder\tcms-qbd\node_modules\next\dist\server\lib\start-server.js:249:36)
